<?xml version="1.0" encoding="UTF-8"?>
<!-- Generated by org.testng.reporters.JUnitReportReporter -->
<testsuite hostname="LAPTOP-G2HPLVO2" failures="0" tests="5" name="com.com.TestNG.NewTest" time="4.521" errors="0" timestamp="2022-03-25T00:17:32 ICT" skipped="0">
  <testcase classname="com.com.TestNG.NewTest" name="chuvi" time="0.007"/>
  <system-out/>
  <testcase classname="com.com.TestNG.NewTest" name="f1" time="0.000"/>
  <system-out/>
  <testcase classname="com.com.TestNG.NewTest" name="chuviNO" time="0.001"/>
  <system-out/>
  <testcase classname="com.com.TestNG.NewTest" name="f2" time="4.512"/>
  <system-out/>
  <testcase classname="com.com.TestNG.NewTest" name="f" time="0.001"/>
  <system-out/>
</testsuite> <!-- com.com.TestNG.NewTest -->
