<?xml version="1.0" encoding="UTF-8"?>
<!-- Generated by org.testng.reporters.JUnitReportReporter -->
<testsuite hostname="LAPTOP-G2HPLVO2" failures="0" tests="1" name="bai1.fpoly" time="5.787" errors="0" timestamp="2022-03-28T17:06:42 ICT" skipped="0">
  <testcase classname="bai1.fpoly" name="f" time="5.787"/>
  <system-out/>
</testsuite> <!-- bai1.fpoly -->
