<?xml version="1.0" encoding="UTF-8"?>
<!-- Generated by org.testng.reporters.JUnitReportReporter -->
<testsuite hostname="LAPTOP-G2HPLVO2" failures="0" tests="1" name="bai1.fpolyTest" time="6.017" errors="0" timestamp="2022-03-28T16:51:30 ICT" skipped="0">
  <testcase classname="bai1.fpolyTest" name="f" time="6.017"/>
  <system-out/>
</testsuite> <!-- bai1.fpolyTest -->
